# JRE version: OpenJDK Runtime Environment Temurin-21.0.10+7 (21.0.10+7) (build 21.0.10+7-LTS)
# Java VM: OpenJDK 64-Bit Server VM Temurin-21.0.10+7 (21.0.10+7-LTS, mixed mode, sharing, tiered, compressed oops, compressed class ptrs, parallel gc, windows-amd64)
GC Precious Log:
 CardTable entry size: 512
 CPUs: 8 total, 8 available
 Memory: 7969M
 Large Page Support: Disabled
 NUMA Support: Disabled
 Compressed Oops: Enabled (32-bit)
 Alignments: Space 512K, Generation 512K, Heap 2M
 Heap Min Capacity: 100M
 Heap Initial Capacity: 100M
 Heap Max Capacity: 2G
 Pre-touch: Disabled
 Parallel Workers: 8
Heap:
 PSYoungGen      total 10752K, used 10720K [0x00000000d5580000, 0x00000000d6400000, 0x0000000100000000)
  eden space 7680K, 100% used [0x00000000d5580000,0x00000000d5d00000,0x00000000d5d00000)
  from space 3072K, 98% used [0x00000000d6100000,0x00000000d63f8000,0x00000000d6400000)
  to   space 3584K, 0% used [0x00000000d5d00000,0x00000000d5d00000,0x00000000d6080000)
 ParOldGen       total 1282560K, used 1282088K [0x0000000080000000, 0x00000000ce480000, 0x00000000d5580000)
  object space 1282560K, 99% used [0x0000000080000000,0x00000000ce40a1d8,0x00000000ce480000)
 Metaspace       used 85581K, committed 87552K, reserved 1179648K
  class space    used 8635K, committed 9536K, reserved 1048576K
GC Heap History (20 events):
Event: 1034.290 GC heap before
{Heap before GC invocations=3024 (full 5):
 PSYoungGen      total 6656K, used 6656K [0x00000000d5580000, 0x00000000d6080000, 0x0000000100000000)
  eden space 5120K, 100% used [0x00000000d5580000,0x00000000d5a80000,0x00000000d5a80000)
  from space 1536K, 100% used [0x00000000d5c80000,0x00000000d5e00000,0x00000000d5e00000)
  to   space 2048K, 0% used [0x00000000d5a80000,0x00000000d5a80000,0x00000000d5c80000)
 ParOldGen       total 1271808K, used 1271731K [0x0000000080000000, 0x00000000cda00000, 0x00000000d5580000)
  object space 1271808K, 99% used [0x0000000080000000,0x00000000cd9ecfd8,0x00000000cda00000)
 Metaspace       used 85567K, committed 87552K, reserved 1179648K
  class space    used 8635K, committed 9536K, reserved 1048576K
}
Event: 1034.300 GC heap after
{Heap after GC invocations=3024 (full 5):
 PSYoungGen      total 7168K, used 2028K [0x00000000d5580000, 0x00000000d6880000, 0x0000000100000000)
  eden space 5120K, 0% used [0x00000000d5580000,0x00000000d5580000,0x00000000d5a80000)
  from space 2048K, 99% used [0x00000000d5a80000,0x00000000d5c7b100,0x00000000d5c80000)
  to   space 6656K, 0% used [0x00000000d6200000,0x00000000d6200000,0x00000000d6880000)
 ParOldGen       total 1275392K, used 1275170K [0x0000000080000000, 0x00000000cdd80000, 0x00000000d5580000)
  object space 1275392K, 99% used [0x0000000080000000,0x00000000cdd489c8,0x00000000cdd80000)
 Metaspace       used 85567K, committed 87552K, reserved 1179648K
  class space    used 8635K, committed 9536K, reserved 1048576K
}
Event: 1034.326 GC heap before
{Heap before GC invocations=3025 (full 5):
 PSYoungGen      total 7168K, used 7148K [0x00000000d5580000, 0x00000000d6880000, 0x0000000100000000)
  eden space 5120K, 100% used [0x00000000d5580000,0x00000000d5a80000,0x00000000d5a80000)
  from space 2048K, 99% used [0x00000000d5a80000,0x00000000d5c7b100,0x00000000d5c80000)
  to   space 6656K, 0% used [0x00000000d6200000,0x00000000d6200000,0x00000000d6880000)
 ParOldGen       total 1275392K, used 1275170K [0x0000000080000000, 0x00000000cdd80000, 0x00000000d5580000)
  object space 1275392K, 99% used [0x0000000080000000,0x00000000cdd489c8,0x00000000cdd80000)
 Metaspace       used 85567K, committed 87552K, reserved 1179648K
  class space    used 8635K, committed 9536K, reserved 1048576K
}
Event: 1034.332 GC heap after
{Heap after GC invocations=3025 (full 5):
 PSYoungGen      total 8192K, used 1888K [0x00000000d5580000, 0x00000000d6400000, 0x0000000100000000)
  eden space 6144K, 0% used [0x00000000d5580000,0x00000000d5580000,0x00000000d5b80000)
  from space 2048K, 92% used [0x00000000d6200000,0x00000000d63d82c8,0x00000000d6400000)
  to   space 3584K, 0% used [0x00000000d5d00000,0x00000000d5d00000,0x00000000d6080000)
 ParOldGen       total 1277440K, used 1277165K [0x0000000080000000, 0x00000000cdf80000, 0x00000000d5580000)
  object space 1277440K, 99% used [0x0000000080000000,0x00000000cdf3b7c8,0x00000000cdf80000)
 Metaspace       used 85567K, committed 87552K, reserved 1179648K
  class space    used 8635K, committed 9536K, reserved 1048576K
}
Event: 1034.366 GC heap before
{Heap before GC invocations=3026 (full 5):
 PSYoungGen      total 8192K, used 8032K [0x00000000d5580000, 0x00000000d6400000, 0x0000000100000000)
  eden space 6144K, 100% used [0x00000000d5580000,0x00000000d5b80000,0x00000000d5b80000)
  from space 2048K, 92% used [0x00000000d6200000,0x00000000d63d82c8,0x00000000d6400000)
  to   space 3584K, 0% used [0x00000000d5d00000,0x00000000d5d00000,0x00000000d6080000)
 ParOldGen       total 1277440K, used 1277165K [0x0000000080000000, 0x00000000cdf80000, 0x00000000d5580000)
  object space 1277440K, 99% used [0x0000000080000000,0x00000000cdf3b7c8,0x00000000cdf80000)
 Metaspace       used 85577K, committed 87552K, reserved 1179648K
  class space    used 8635K, committed 9536K, reserved 1048576K
}
Event: 1034.370 GC heap after
{Heap after GC invocations=3026 (full 5):
 PSYoungGen      total 11264K, used 544K [0x00000000d5580000, 0x00000000d6280000, 0x0000000100000000)
  eden space 7680K, 0% used [0x00000000d5580000,0x00000000d5580000,0x00000000d5d00000)
  from space 3584K, 15% used [0x00000000d5d00000,0x00000000d5d88000,0x00000000d6080000)
  to   space 1536K, 0% used [0x00000000d6100000,0x00000000d6100000,0x00000000d6280000)
 ParOldGen       total 1277440K, used 1277402K [0x0000000080000000, 0x00000000cdf80000, 0x00000000d5580000)
  object space 1277440K, 99% used [0x0000000080000000,0x00000000cdf76bc8,0x00000000cdf80000)
 Metaspace       used 85577K, committed 87552K, reserved 1179648K
  class space    used 8635K, committed 9536K, reserved 1048576K
}
Event: 1034.433 GC heap before
{Heap before GC invocations=3027 (full 5):
 PSYoungGen      total 11264K, used 8224K [0x00000000d5580000, 0x00000000d6280000, 0x0000000100000000)
  eden space 7680K, 100% used [0x00000000d5580000,0x00000000d5d00000,0x00000000d5d00000)
  from space 3584K, 15% used [0x00000000d5d00000,0x00000000d5d88000,0x00000000d6080000)
  to   space 1536K, 0% used [0x00000000d6100000,0x00000000d6100000,0x00000000d6280000)
 ParOldGen       total 1277440K, used 1277402K [0x0000000080000000, 0x00000000cdf80000, 0x00000000d5580000)
  object space 1277440K, 99% used [0x0000000080000000,0x00000000cdf76bc8,0x00000000cdf80000)
 Metaspace       used 85577K, committed 87552K, reserved 1179648K
  class space    used 8635K, committed 9536K, reserved 1048576K
}
Event: 1034.437 GC heap after
{Heap after GC invocations=3027 (full 5):
 PSYoungGen      total 9216K, used 1408K [0x00000000d5580000, 0x00000000d6280000, 0x0000000100000000)
  eden space 7680K, 0% used [0x00000000d5580000,0x00000000d5580000,0x00000000d5d00000)
  from space 1536K, 91% used [0x00000000d6100000,0x00000000d6260000,0x00000000d6280000)
  to   space 2048K, 0% used [0x00000000d5e80000,0x00000000d5e80000,0x00000000d6080000)
 ParOldGen       total 1277440K, used 1277434K [0x0000000080000000, 0x00000000cdf80000, 0x00000000d5580000)
  object space 1277440K, 99% used [0x0000000080000000,0x00000000cdf7ebc8,0x00000000cdf80000)
 Metaspace       used 85577K, committed 87552K, reserved 1179648K
  class space    used 8635K, committed 9536K, reserved 1048576K
}
Event: 1034.471 GC heap before
{Heap before GC invocations=3028 (full 5):
 PSYoungGen      total 9216K, used 9088K [0x00000000d5580000, 0x00000000d6280000, 0x0000000100000000)
  eden space 7680K, 100% used [0x00000000d5580000,0x00000000d5d00000,0x00000000d5d00000)
  from space 1536K, 91% used [0x00000000d6100000,0x00000000d6260000,0x00000000d6280000)
  to   space 2048K, 0% used [0x00000000d5e80000,0x00000000d5e80000,0x00000000d6080000)
 ParOldGen       total 1277440K, used 1277434K [0x0000000080000000, 0x00000000cdf80000, 0x00000000d5580000)
  object space 1277440K, 99% used [0x0000000080000000,0x00000000cdf7ebc8,0x00000000cdf80000)
 Metaspace       used 85577K, committed 87552K, reserved 1179648K
  class space    used 8635K, committed 9536K, reserved 1048576K
}
Event: 1034.476 GC heap after
{Heap after GC invocations=3028 (full 5):
 PSYoungGen      total 9728K, used 2032K [0x00000000d5580000, 0x00000000d6300000, 0x0000000100000000)
  eden space 7680K, 0% used [0x00000000d5580000,0x00000000d5580000,0x00000000d5d00000)
  from space 2048K, 99% used [0x00000000d5e80000,0x00000000d607c010,0x00000000d6080000)
  to   space 2560K, 0% used [0x00000000d6080000,0x00000000d6080000,0x00000000d6300000)
 ParOldGen       total 1278464K, used 1278109K [0x0000000080000000, 0x00000000ce080000, 0x00000000d5580000)
  object space 1278464K, 99% used [0x0000000080000000,0x00000000ce027450,0x00000000ce080000)
 Metaspace       used 85577K, committed 87552K, reserved 1179648K
  class space    used 8635K, committed 9536K, reserved 1048576K
}
Event: 1034.778 GC heap before
{Heap before GC invocations=3029 (full 5):
 PSYoungGen      total 9728K, used 9711K [0x00000000d5580000, 0x00000000d6300000, 0x0000000100000000)
  eden space 7680K, 99% used [0x00000000d5580000,0x00000000d5cfffb8,0x00000000d5d00000)
  from space 2048K, 99% used [0x00000000d5e80000,0x00000000d607c010,0x00000000d6080000)
  to   space 2560K, 0% used [0x00000000d6080000,0x00000000d6080000,0x00000000d6300000)
 ParOldGen       total 1278464K, used 1278109K [0x0000000080000000, 0x00000000ce080000, 0x00000000d5580000)
  object space 1278464K, 99% used [0x0000000080000000,0x00000000ce027450,0x00000000ce080000)
 Metaspace       used 85577K, committed 87552K, reserved 1179648K
  class space    used 8635K, committed 9536K, reserved 1048576K
}
Event: 1034.792 GC heap after
{Heap after GC invocations=3029 (full 5):
 PSYoungGen      total 9216K, used 1104K [0x00000000d5580000, 0x00000000d6200000, 0x0000000100000000)
  eden space 7680K, 0% used [0x00000000d5580000,0x00000000d5580000,0x00000000d5d00000)
  from space 1536K, 71% used [0x00000000d6080000,0x00000000d6194010,0x00000000d6200000)
  to   space 2048K, 0% used [0x00000000d5e00000,0x00000000d5e00000,0x00000000d6000000)
 ParOldGen       total 1278976K, used 1278779K [0x0000000080000000, 0x00000000ce100000, 0x00000000d5580000)
  object space 1278976K, 99% used [0x0000000080000000,0x00000000ce0cefc0,0x00000000ce100000)
 Metaspace       used 85577K, committed 87552K, reserved 1179648K
  class space    used 8635K, committed 9536K, reserved 1048576K
}
Event: 1035.002 GC heap before
{Heap before GC invocations=3030 (full 5):
 PSYoungGen      total 9216K, used 8784K [0x00000000d5580000, 0x00000000d6200000, 0x0000000100000000)
  eden space 7680K, 100% used [0x00000000d5580000,0x00000000d5d00000,0x00000000d5d00000)
  from space 1536K, 71% used [0x00000000d6080000,0x00000000d6194010,0x00000000d6200000)
  to   space 2048K, 0% used [0x00000000d5e00000,0x00000000d5e00000,0x00000000d6000000)
 ParOldGen       total 1278976K, used 1278779K [0x0000000080000000, 0x00000000ce100000, 0x00000000d5580000)
  object space 1278976K, 99% used [0x0000000080000000,0x00000000ce0cefc0,0x00000000ce100000)
 Metaspace       used 85577K, committed 87552K, reserved 1179648K
  class space    used 8635K, committed 9536K, reserved 1048576K
}
Event: 1035.006 GC heap after
{Heap after GC invocations=3030 (full 5):
 PSYoungGen      total 9728K, used 192K [0x00000000d5580000, 0x00000000d6100000, 0x0000000100000000)
  eden space 7680K, 0% used [0x00000000d5580000,0x00000000d5580000,0x00000000d5d00000)
  from space 2048K, 9% used [0x00000000d5e00000,0x00000000d5e30000,0x00000000d6000000)
  to   space 1024K, 0% used [0x00000000d6000000,0x00000000d6000000,0x00000000d6100000)
 ParOldGen       total 1278976K, used 1278835K [0x0000000080000000, 0x00000000ce100000, 0x00000000d5580000)
  object space 1278976K, 99% used [0x0000000080000000,0x00000000ce0dcf18,0x00000000ce100000)
 Metaspace       used 85577K, committed 87552K, reserved 1179648K
  class space    used 8635K, committed 9536K, reserved 1048576K
}
Event: 1035.125 GC heap before
{Heap before GC invocations=3031 (full 5):
 PSYoungGen      total 9728K, used 7872K [0x00000000d5580000, 0x00000000d6100000, 0x0000000100000000)
  eden space 7680K, 100% used [0x00000000d5580000,0x00000000d5d00000,0x00000000d5d00000)
  from space 2048K, 9% used [0x00000000d5e00000,0x00000000d5e30000,0x00000000d6000000)
  to   space 1024K, 0% used [0x00000000d6000000,0x00000000d6000000,0x00000000d6100000)
 ParOldGen       total 1278976K, used 1278835K [0x0000000080000000, 0x00000000ce100000, 0x00000000d5580000)
  object space 1278976K, 99% used [0x0000000080000000,0x00000000ce0dcf18,0x00000000ce100000)
 Metaspace       used 85577K, committed 87552K, reserved 1179648K
  class space    used 8635K, committed 9536K, reserved 1048576K
}
Event: 1035.129 GC heap after
{Heap after GC invocations=3031 (full 5):
 PSYoungGen      total 8704K, used 640K [0x00000000d5580000, 0x00000000d6100000, 0x0000000100000000)
  eden space 7680K, 0% used [0x00000000d5580000,0x00000000d5580000,0x00000000d5d00000)
  from space 1024K, 62% used [0x00000000d6000000,0x00000000d60a0000,0x00000000d6100000)
  to   space 1024K, 0% used [0x00000000d5f00000,0x00000000d5f00000,0x00000000d6000000)
 ParOldGen       total 1278976K, used 1278851K [0x0000000080000000, 0x00000000ce100000, 0x00000000d5580000)
  object space 1278976K, 99% used [0x0000000080000000,0x00000000ce0e0f18,0x00000000ce100000)
 Metaspace       used 85577K, committed 87552K, reserved 1179648K
  class space    used 8635K, committed 9536K, reserved 1048576K
}
Event: 1035.187 GC heap before
{Heap before GC invocations=3032 (full 5):
 PSYoungGen      total 8704K, used 8320K [0x00000000d5580000, 0x00000000d6100000, 0x0000000100000000)
  eden space 7680K, 100% used [0x00000000d5580000,0x00000000d5d00000,0x00000000d5d00000)
  from space 1024K, 62% used [0x00000000d6000000,0x00000000d60a0000,0x00000000d6100000)
  to   space 1024K, 0% used [0x00000000d5f00000,0x00000000d5f00000,0x00000000d6000000)
 ParOldGen       total 1278976K, used 1278851K [0x0000000080000000, 0x00000000ce100000, 0x00000000d5580000)
  object space 1278976K, 99% used [0x0000000080000000,0x00000000ce0e0f18,0x00000000ce100000)
 Metaspace       used 85577K, committed 87552K, reserved 1179648K
  class space    used 8635K, committed 9536K, reserved 1048576K
}
Event: 1035.192 GC heap after
{Heap after GC invocations=3032 (full 5):
 PSYoungGen      total 8704K, used 998K [0x00000000d5580000, 0x00000000d6500000, 0x0000000100000000)
  eden space 7680K, 0% used [0x00000000d5580000,0x00000000d5580000,0x00000000d5d00000)
  from space 1024K, 97% used [0x00000000d5f00000,0x00000000d5ff9880,0x00000000d6000000)
  to   space 4096K, 0% used [0x00000000d6100000,0x00000000d6100000,0x00000000d6500000)
 ParOldGen       total 1281536K, used 1281131K [0x0000000080000000, 0x00000000ce380000, 0x00000000d5580000)
  object space 1281536K, 99% used [0x0000000080000000,0x00000000ce31aea8,0x00000000ce380000)
 Metaspace       used 85577K, committed 87552K, reserved 1179648K
  class space    used 8635K, committed 9536K, reserved 1048576K
}
Event: 1035.249 GC heap before
{Heap before GC invocations=3033 (full 5):
 PSYoungGen      total 8704K, used 8678K [0x00000000d5580000, 0x00000000d6500000, 0x0000000100000000)
  eden space 7680K, 100% used [0x00000000d5580000,0x00000000d5d00000,0x00000000d5d00000)
  from space 1024K, 97% used [0x00000000d5f00000,0x00000000d5ff9880,0x00000000d6000000)
  to   space 4096K, 0% used [0x00000000d6100000,0x00000000d6100000,0x00000000d6500000)
 ParOldGen       total 1281536K, used 1281131K [0x0000000080000000, 0x00000000ce380000, 0x00000000d5580000)
  object space 1281536K, 99% used [0x0000000080000000,0x00000000ce31aea8,0x00000000ce380000)
 Metaspace       used 85577K, committed 87552K, reserved 1179648K
  class space    used 8635K, committed 9536K, reserved 1048576K
}
Event: 1035.257 GC heap after
{Heap after GC invocations=3033 (full 5):
 PSYoungGen      total 10752K, used 3040K [0x00000000d5580000, 0x00000000d6400000, 0x0000000100000000)
  eden space 7680K, 0% used [0x00000000d5580000,0x00000000d5580000,0x00000000d5d00000)
  from space 3072K, 98% used [0x00000000d6100000,0x00000000d63f8000,0x00000000d6400000)
  to   space 3584K, 0% used [0x00000000d5d00000,0x00000000d5d00000,0x00000000d6080000)
 ParOldGen       total 1282560K, used 1282088K [0x0000000080000000, 0x00000000ce480000, 0x00000000d5580000)
  object space 1282560K, 99% used [0x0000000080000000,0x00000000ce40a1d8,0x00000000ce480000)
 Metaspace       used 85577K, committed 87552K, reserved 1179648K
  class space    used 8635K, committed 9536K, reserved 1048576K
}

